{"D:\\Github\\ShoppingList\\server\\controllers\\shoppingListController.js": {"path":"D:\\Github\\ShoppingList\\server\\controllers\\shoppingListController.js","statementMap":{"0":{"start":{"line":1,"column":21},"end":{"line":1,"column":59}},"1":{"start":{"line":2,"column":13},"end":{"line":2,"column":43}},"2":{"start":{"line":3,"column":17},"end":{"line":3,"column":36}},"3":{"start":{"line":5,"column":19},"end":{"line":53,"column":1}},"4":{"start":{"line":6,"column":36},"end":{"line":6,"column":44}},"5":{"start":{"line":7,"column":22},"end":{"line":7,"column":34}},"6":{"start":{"line":9,"column":2},"end":{"line":52,"column":3}},"7":{"start":{"line":11,"column":24},"end":{"line":11,"column":69}},"8":{"start":{"line":13,"column":4},"end":{"line":17,"column":5}},"9":{"start":{"line":14,"column":6},"end":{"line":16,"column":66}},"10":{"start":{"line":20,"column":20},"end":{"line":24,"column":6}},"11":{"start":{"line":26,"column":4},"end":{"line":26,"column":25}},"12":{"start":{"line":29,"column":17},"end":{"line":29,"column":49}},"13":{"start":{"line":30,"column":4},"end":{"line":32,"column":5}},"14":{"start":{"line":31,"column":6},"end":{"line":31,"column":69}},"15":{"start":{"line":33,"column":4},"end":{"line":33,"column":40}},"16":{"start":{"line":34,"column":4},"end":{"line":34,"column":22}},"17":{"start":{"line":37,"column":4},"end":{"line":40,"column":5}},"18":{"start":{"line":38,"column":6},"end":{"line":38,"column":47}},"19":{"start":{"line":39,"column":6},"end":{"line":39,"column":30}},"20":{"start":{"line":43,"column":26},"end":{"line":45,"column":63}},"21":{"start":{"line":48,"column":4},"end":{"line":48,"column":40}},"22":{"start":{"line":50,"column":4},"end":{"line":50,"column":49}},"23":{"start":{"line":51,"column":4},"end":{"line":51,"column":76}},"24":{"start":{"line":55,"column":20},"end":{"line":73,"column":1}},"25":{"start":{"line":56,"column":21},"end":{"line":56,"column":31}},"26":{"start":{"line":58,"column":2},"end":{"line":72,"column":3}},"27":{"start":{"line":59,"column":25},"end":{"line":61,"column":51}},"28":{"start":{"line":64,"column":4},"end":{"line":66,"column":5}},"29":{"start":{"line":65,"column":6},"end":{"line":65,"column":70}},"30":{"start":{"line":68,"column":4},"end":{"line":68,"column":27}},"31":{"start":{"line":70,"column":4},"end":{"line":70,"column":67}},"32":{"start":{"line":71,"column":4},"end":{"line":71,"column":52}},"33":{"start":{"line":75,"column":29},"end":{"line":110,"column":1}},"34":{"start":{"line":76,"column":17},"end":{"line":76,"column":29}},"35":{"start":{"line":78,"column":2},"end":{"line":109,"column":3}},"36":{"start":{"line":79,"column":17},"end":{"line":95,"column":8}},"37":{"start":{"line":97,"column":4},"end":{"line":99,"column":5}},"38":{"start":{"line":98,"column":6},"end":{"line":98,"column":63}},"39":{"start":{"line":102,"column":4},"end":{"line":105,"column":7}},"40":{"start":{"line":107,"column":4},"end":{"line":107,"column":76}},"41":{"start":{"line":108,"column":4},"end":{"line":108,"column":76}},"42":{"start":{"line":113,"column":19},"end":{"line":144,"column":1}},"43":{"start":{"line":114,"column":21},"end":{"line":114,"column":31}},"44":{"start":{"line":115,"column":19},"end":{"line":115,"column":27}},"45":{"start":{"line":117,"column":2},"end":{"line":143,"column":3}},"46":{"start":{"line":118,"column":25},"end":{"line":118,"column":60}},"47":{"start":{"line":120,"column":4},"end":{"line":122,"column":5}},"48":{"start":{"line":121,"column":6},"end":{"line":121,"column":70}},"49":{"start":{"line":124,"column":4},"end":{"line":126,"column":5}},"50":{"start":{"line":125,"column":6},"end":{"line":125,"column":77}},"51":{"start":{"line":128,"column":4},"end":{"line":132,"column":5}},"52":{"start":{"line":129,"column":6},"end":{"line":131,"column":62}},"53":{"start":{"line":134,"column":4},"end":{"line":136,"column":5}},"54":{"start":{"line":135,"column":6},"end":{"line":135,"column":31}},"55":{"start":{"line":138,"column":4},"end":{"line":138,"column":30}},"56":{"start":{"line":140,"column":4},"end":{"line":140,"column":27}},"57":{"start":{"line":142,"column":4},"end":{"line":142,"column":52}},"58":{"start":{"line":146,"column":22},"end":{"line":178,"column":1}},"59":{"start":{"line":147,"column":21},"end":{"line":147,"column":31}},"60":{"start":{"line":148,"column":19},"end":{"line":148,"column":27}},"61":{"start":{"line":150,"column":2},"end":{"line":177,"column":3}},"62":{"start":{"line":151,"column":25},"end":{"line":151,"column":60}},"63":{"start":{"line":153,"column":4},"end":{"line":155,"column":5}},"64":{"start":{"line":154,"column":6},"end":{"line":154,"column":70}},"65":{"start":{"line":157,"column":4},"end":{"line":161,"column":5}},"66":{"start":{"line":158,"column":6},"end":{"line":160,"column":63}},"67":{"start":{"line":163,"column":20},"end":{"line":167,"column":5}},"68":{"start":{"line":169,"column":4},"end":{"line":169,"column":37}},"69":{"start":{"line":170,"column":4},"end":{"line":170,"column":30}},"70":{"start":{"line":172,"column":4},"end":{"line":172,"column":34}},"71":{"start":{"line":175,"column":4},"end":{"line":175,"column":25}},"72":{"start":{"line":176,"column":4},"end":{"line":176,"column":52}},"73":{"start":{"line":181,"column":27},"end":{"line":207,"column":1}},"74":{"start":{"line":182,"column":21},"end":{"line":182,"column":31}},"75":{"start":{"line":183,"column":21},"end":{"line":183,"column":29}},"76":{"start":{"line":185,"column":2},"end":{"line":206,"column":3}},"77":{"start":{"line":186,"column":25},"end":{"line":186,"column":60}},"78":{"start":{"line":188,"column":4},"end":{"line":190,"column":5}},"79":{"start":{"line":189,"column":6},"end":{"line":189,"column":70}},"80":{"start":{"line":192,"column":4},"end":{"line":196,"column":5}},"81":{"start":{"line":193,"column":6},"end":{"line":195,"column":68}},"82":{"start":{"line":198,"column":4},"end":{"line":200,"column":6}},"83":{"start":{"line":199,"column":16},"end":{"line":199,"column":46}},"84":{"start":{"line":201,"column":4},"end":{"line":201,"column":30}},"85":{"start":{"line":203,"column":4},"end":{"line":203,"column":27}},"86":{"start":{"line":205,"column":4},"end":{"line":205,"column":52}},"87":{"start":{"line":209,"column":20},"end":{"line":238,"column":1}},"88":{"start":{"line":210,"column":21},"end":{"line":210,"column":31}},"89":{"start":{"line":211,"column":21},"end":{"line":211,"column":29}},"90":{"start":{"line":213,"column":2},"end":{"line":237,"column":3}},"91":{"start":{"line":214,"column":25},"end":{"line":214,"column":60}},"92":{"start":{"line":216,"column":4},"end":{"line":218,"column":5}},"93":{"start":{"line":217,"column":6},"end":{"line":217,"column":70}},"94":{"start":{"line":220,"column":17},"end":{"line":220,"column":46}},"95":{"start":{"line":222,"column":4},"end":{"line":226,"column":5}},"96":{"start":{"line":223,"column":6},"end":{"line":225,"column":62}},"97":{"start":{"line":228,"column":4},"end":{"line":228,"column":35}},"98":{"start":{"line":229,"column":4},"end":{"line":229,"column":30}},"99":{"start":{"line":231,"column":4},"end":{"line":234,"column":7}},"100":{"start":{"line":236,"column":4},"end":{"line":236,"column":51}},"101":{"start":{"line":240,"column":20},"end":{"line":263,"column":1}},"102":{"start":{"line":241,"column":21},"end":{"line":241,"column":31}},"103":{"start":{"line":243,"column":2},"end":{"line":262,"column":3}},"104":{"start":{"line":244,"column":25},"end":{"line":244,"column":60}},"105":{"start":{"line":246,"column":4},"end":{"line":248,"column":5}},"106":{"start":{"line":247,"column":6},"end":{"line":247,"column":70}},"107":{"start":{"line":250,"column":4},"end":{"line":254,"column":5}},"108":{"start":{"line":251,"column":6},"end":{"line":253,"column":63}},"109":{"start":{"line":256,"column":4},"end":{"line":256,"column":33}},"110":{"start":{"line":257,"column":4},"end":{"line":257,"column":30}},"111":{"start":{"line":259,"column":4},"end":{"line":259,"column":75}},"112":{"start":{"line":261,"column":4},"end":{"line":261,"column":51}},"113":{"start":{"line":265,"column":19},"end":{"line":298,"column":1}},"114":{"start":{"line":266,"column":21},"end":{"line":266,"column":31}},"115":{"start":{"line":268,"column":2},"end":{"line":297,"column":3}},"116":{"start":{"line":269,"column":25},"end":{"line":269,"column":60}},"117":{"start":{"line":271,"column":4},"end":{"line":273,"column":5}},"118":{"start":{"line":272,"column":6},"end":{"line":272,"column":70}},"119":{"start":{"line":275,"column":4},"end":{"line":279,"column":5}},"120":{"start":{"line":276,"column":6},"end":{"line":278,"column":62}},"121":{"start":{"line":281,"column":4},"end":{"line":281,"column":49}},"122":{"start":{"line":283,"column":17},"end":{"line":283,"column":50}},"123":{"start":{"line":284,"column":4},"end":{"line":286,"column":6}},"124":{"start":{"line":285,"column":21},"end":{"line":285,"column":52}},"125":{"start":{"line":287,"column":4},"end":{"line":287,"column":22}},"126":{"start":{"line":289,"column":4},"end":{"line":292,"column":6}},"127":{"start":{"line":294,"column":4},"end":{"line":294,"column":60}},"128":{"start":{"line":296,"column":4},"end":{"line":296,"column":51}},"129":{"start":{"line":300,"column":0},"end":{"line":310,"column":2}}},"fnMap":{"0":{"name":"(anonymous_0)","decl":{"start":{"line":5,"column":19},"end":{"line":5,"column":20}},"loc":{"start":{"line":5,"column":39},"end":{"line":53,"column":1}},"line":5},"1":{"name":"(anonymous_1)","decl":{"start":{"line":55,"column":20},"end":{"line":55,"column":21}},"loc":{"start":{"line":55,"column":40},"end":{"line":73,"column":1}},"line":55},"2":{"name":"(anonymous_2)","decl":{"start":{"line":75,"column":29},"end":{"line":75,"column":30}},"loc":{"start":{"line":75,"column":49},"end":{"line":110,"column":1}},"line":75},"3":{"name":"(anonymous_3)","decl":{"start":{"line":113,"column":19},"end":{"line":113,"column":20}},"loc":{"start":{"line":113,"column":39},"end":{"line":144,"column":1}},"line":113},"4":{"name":"(anonymous_4)","decl":{"start":{"line":146,"column":22},"end":{"line":146,"column":23}},"loc":{"start":{"line":146,"column":42},"end":{"line":178,"column":1}},"line":146},"5":{"name":"(anonymous_5)","decl":{"start":{"line":181,"column":27},"end":{"line":181,"column":28}},"loc":{"start":{"line":181,"column":47},"end":{"line":207,"column":1}},"line":181},"6":{"name":"(anonymous_6)","decl":{"start":{"line":199,"column":6},"end":{"line":199,"column":7}},"loc":{"start":{"line":199,"column":16},"end":{"line":199,"column":46}},"line":199},"7":{"name":"(anonymous_7)","decl":{"start":{"line":209,"column":20},"end":{"line":209,"column":21}},"loc":{"start":{"line":209,"column":40},"end":{"line":238,"column":1}},"line":209},"8":{"name":"(anonymous_8)","decl":{"start":{"line":240,"column":20},"end":{"line":240,"column":21}},"loc":{"start":{"line":240,"column":40},"end":{"line":263,"column":1}},"line":240},"9":{"name":"(anonymous_9)","decl":{"start":{"line":265,"column":19},"end":{"line":265,"column":20}},"loc":{"start":{"line":265,"column":39},"end":{"line":298,"column":1}},"line":265},"10":{"name":"(anonymous_10)","decl":{"start":{"line":285,"column":6},"end":{"line":285,"column":7}},"loc":{"start":{"line":285,"column":21},"end":{"line":285,"column":52}},"line":285}},"branchMap":{"0":{"loc":{"start":{"line":6,"column":16},"end":{"line":6,"column":31}},"type":"default-arg","locations":[{"start":{"line":6,"column":29},"end":{"line":6,"column":31}}],"line":6},"1":{"loc":{"start":{"line":13,"column":4},"end":{"line":17,"column":5}},"type":"if","locations":[{"start":{"line":13,"column":4},"end":{"line":17,"column":5}},{"start":{},"end":{}}],"line":13},"2":{"loc":{"start":{"line":30,"column":4},"end":{"line":32,"column":5}},"type":"if","locations":[{"start":{"line":30,"column":4},"end":{"line":32,"column":5}},{"start":{},"end":{}}],"line":30},"3":{"loc":{"start":{"line":64,"column":4},"end":{"line":66,"column":5}},"type":"if","locations":[{"start":{"line":64,"column":4},"end":{"line":66,"column":5}},{"start":{},"end":{}}],"line":64},"4":{"loc":{"start":{"line":97,"column":4},"end":{"line":99,"column":5}},"type":"if","locations":[{"start":{"line":97,"column":4},"end":{"line":99,"column":5}},{"start":{},"end":{}}],"line":97},"5":{"loc":{"start":{"line":120,"column":4},"end":{"line":122,"column":5}},"type":"if","locations":[{"start":{"line":120,"column":4},"end":{"line":122,"column":5}},{"start":{},"end":{}}],"line":120},"6":{"loc":{"start":{"line":124,"column":4},"end":{"line":126,"column":5}},"type":"if","locations":[{"start":{"line":124,"column":4},"end":{"line":126,"column":5}},{"start":{},"end":{}}],"line":124},"7":{"loc":{"start":{"line":128,"column":4},"end":{"line":132,"column":5}},"type":"if","locations":[{"start":{"line":128,"column":4},"end":{"line":132,"column":5}},{"start":{},"end":{}}],"line":128},"8":{"loc":{"start":{"line":128,"column":8},"end":{"line":128,"column":73}},"type":"binary-expr","locations":[{"start":{"line":128,"column":8},"end":{"line":128,"column":12}},{"start":{"line":128,"column":16},"end":{"line":128,"column":73}}],"line":128},"9":{"loc":{"start":{"line":134,"column":4},"end":{"line":136,"column":5}},"type":"if","locations":[{"start":{"line":134,"column":4},"end":{"line":136,"column":5}},{"start":{},"end":{}}],"line":134},"10":{"loc":{"start":{"line":153,"column":4},"end":{"line":155,"column":5}},"type":"if","locations":[{"start":{"line":153,"column":4},"end":{"line":155,"column":5}},{"start":{},"end":{}}],"line":153},"11":{"loc":{"start":{"line":157,"column":4},"end":{"line":161,"column":5}},"type":"if","locations":[{"start":{"line":157,"column":4},"end":{"line":161,"column":5}},{"start":{},"end":{}}],"line":157},"12":{"loc":{"start":{"line":188,"column":4},"end":{"line":190,"column":5}},"type":"if","locations":[{"start":{"line":188,"column":4},"end":{"line":190,"column":5}},{"start":{},"end":{}}],"line":188},"13":{"loc":{"start":{"line":192,"column":4},"end":{"line":196,"column":5}},"type":"if","locations":[{"start":{"line":192,"column":4},"end":{"line":196,"column":5}},{"start":{},"end":{}}],"line":192},"14":{"loc":{"start":{"line":216,"column":4},"end":{"line":218,"column":5}},"type":"if","locations":[{"start":{"line":216,"column":4},"end":{"line":218,"column":5}},{"start":{},"end":{}}],"line":216},"15":{"loc":{"start":{"line":222,"column":4},"end":{"line":226,"column":5}},"type":"if","locations":[{"start":{"line":222,"column":4},"end":{"line":226,"column":5}},{"start":{},"end":{}}],"line":222},"16":{"loc":{"start":{"line":232,"column":19},"end":{"line":232,"column":60}},"type":"cond-expr","locations":[{"start":{"line":232,"column":35},"end":{"line":232,"column":45}},{"start":{"line":232,"column":48},"end":{"line":232,"column":60}}],"line":232},"17":{"loc":{"start":{"line":246,"column":4},"end":{"line":248,"column":5}},"type":"if","locations":[{"start":{"line":246,"column":4},"end":{"line":248,"column":5}},{"start":{},"end":{}}],"line":246},"18":{"loc":{"start":{"line":250,"column":4},"end":{"line":254,"column":5}},"type":"if","locations":[{"start":{"line":250,"column":4},"end":{"line":254,"column":5}},{"start":{},"end":{}}],"line":250},"19":{"loc":{"start":{"line":271,"column":4},"end":{"line":273,"column":5}},"type":"if","locations":[{"start":{"line":271,"column":4},"end":{"line":273,"column":5}},{"start":{},"end":{}}],"line":271},"20":{"loc":{"start":{"line":275,"column":4},"end":{"line":279,"column":5}},"type":"if","locations":[{"start":{"line":275,"column":4},"end":{"line":279,"column":5}},{"start":{},"end":{}}],"line":275}},"s":{"0":1,"1":1,"2":1,"3":1,"4":3,"5":3,"6":3,"7":3,"8":3,"9":1,"10":2,"11":2,"12":2,"13":2,"14":1,"15":1,"16":1,"17":1,"18":1,"19":1,"20":1,"21":1,"22":0,"23":0,"24":1,"25":2,"26":2,"27":2,"28":1,"29":1,"30":0,"31":1,"32":1,"33":1,"34":1,"35":1,"36":1,"37":0,"38":0,"39":0,"40":1,"41":1,"42":1,"43":4,"44":4,"45":4,"46":4,"47":4,"48":1,"49":3,"50":1,"51":2,"52":1,"53":1,"54":1,"55":1,"56":1,"57":0,"58":1,"59":0,"60":0,"61":0,"62":0,"63":0,"64":0,"65":0,"66":0,"67":0,"68":0,"69":0,"70":0,"71":0,"72":0,"73":1,"74":0,"75":0,"76":0,"77":0,"78":0,"79":0,"80":0,"81":0,"82":0,"83":0,"84":0,"85":0,"86":0,"87":1,"88":0,"89":0,"90":0,"91":0,"92":0,"93":0,"94":0,"95":0,"96":0,"97":0,"98":0,"99":0,"100":0,"101":1,"102":0,"103":0,"104":0,"105":0,"106":0,"107":0,"108":0,"109":0,"110":0,"111":0,"112":0,"113":1,"114":3,"115":3,"116":3,"117":3,"118":1,"119":2,"120":1,"121":1,"122":1,"123":1,"124":1,"125":1,"126":1,"127":1,"128":0,"129":1},"f":{"0":3,"1":2,"2":1,"3":4,"4":0,"5":0,"6":0,"7":0,"8":0,"9":3,"10":1},"b":{"0":[0],"1":[1,2],"2":[1,1],"3":[1,0],"4":[0,0],"5":[1,3],"6":[1,2],"7":[1,1],"8":[2,2],"9":[1,0],"10":[0,0],"11":[0,0],"12":[0,0],"13":[0,0],"14":[0,0],"15":[0,0],"16":[0,0],"17":[0,0],"18":[0,0],"19":[1,2],"20":[1,1]},"_coverageSchema":"1a1c01bbd47fc00a2c39e90264f33305004495a9","hash":"54551788e3663cd4723504eea5312b5fe273ce58"}
,"D:\\Github\\ShoppingList\\server\\controllers\\userController.js": {"path":"D:\\Github\\ShoppingList\\server\\controllers\\userController.js","statementMap":{"0":{"start":{"line":1,"column":13},"end":{"line":1,"column":43}},"1":{"start":{"line":2,"column":21},"end":{"line":2,"column":59}},"2":{"start":{"line":3,"column":12},"end":{"line":3,"column":35}},"3":{"start":{"line":5,"column":20},"end":{"line":7,"column":1}},"4":{"start":{"line":6,"column":2},"end":{"line":6,"column":68}},"5":{"start":{"line":9,"column":14},"end":{"line":20,"column":1}},"6":{"start":{"line":10,"column":30},"end":{"line":10,"column":38}},"7":{"start":{"line":12,"column":2},"end":{"line":19,"column":3}},"8":{"start":{"line":13,"column":17},"end":{"line":13,"column":50}},"9":{"start":{"line":14,"column":18},"end":{"line":14,"column":39}},"10":{"start":{"line":15,"column":15},"end":{"line":15,"column":23}},"11":{"start":{"line":16,"column":4},"end":{"line":16,"column":47}},"12":{"start":{"line":18,"column":4},"end":{"line":18,"column":51}},"13":{"start":{"line":22,"column":15},"end":{"line":43,"column":1}},"14":{"start":{"line":23,"column":45},"end":{"line":23,"column":53}},"15":{"start":{"line":25,"column":2},"end":{"line":42,"column":3}},"16":{"start":{"line":27,"column":25},"end":{"line":27,"column":54}},"17":{"start":{"line":29,"column":4},"end":{"line":33,"column":5}},"18":{"start":{"line":30,"column":20},"end":{"line":30,"column":92}},"19":{"start":{"line":31,"column":6},"end":{"line":31,"column":29}},"20":{"start":{"line":32,"column":6},"end":{"line":32,"column":25}},"21":{"start":{"line":35,"column":17},"end":{"line":35,"column":66}},"22":{"start":{"line":36,"column":18},"end":{"line":36,"column":39}},"23":{"start":{"line":38,"column":4},"end":{"line":38,"column":43}},"24":{"start":{"line":41,"column":4},"end":{"line":41,"column":16}},"25":{"start":{"line":45,"column":20},"end":{"line":52,"column":1}},"26":{"start":{"line":46,"column":2},"end":{"line":51,"column":3}},"27":{"start":{"line":47,"column":18},"end":{"line":47,"column":35}},"28":{"start":{"line":48,"column":4},"end":{"line":48,"column":32}},"29":{"start":{"line":50,"column":4},"end":{"line":50,"column":51}},"30":{"start":{"line":55,"column":25},"end":{"line":97,"column":1}},"31":{"start":{"line":56,"column":21},"end":{"line":56,"column":31}},"32":{"start":{"line":57,"column":21},"end":{"line":57,"column":29}},"33":{"start":{"line":59,"column":2},"end":{"line":96,"column":3}},"34":{"start":{"line":60,"column":24},"end":{"line":60,"column":51}},"35":{"start":{"line":61,"column":4},"end":{"line":63,"column":5}},"36":{"start":{"line":62,"column":6},"end":{"line":62,"column":69}},"37":{"start":{"line":65,"column":25},"end":{"line":65,"column":60}},"38":{"start":{"line":66,"column":4},"end":{"line":68,"column":5}},"39":{"start":{"line":67,"column":6},"end":{"line":67,"column":70}},"40":{"start":{"line":70,"column":4},"end":{"line":74,"column":5}},"41":{"start":{"line":71,"column":6},"end":{"line":73,"column":61}},"42":{"start":{"line":76,"column":4},"end":{"line":78,"column":5}},"43":{"start":{"line":77,"column":6},"end":{"line":77,"column":70}},"44":{"start":{"line":81,"column":4},"end":{"line":81,"column":50}},"45":{"start":{"line":82,"column":4},"end":{"line":82,"column":30}},"46":{"start":{"line":85,"column":4},"end":{"line":85,"column":51}},"47":{"start":{"line":86,"column":4},"end":{"line":86,"column":29}},"48":{"start":{"line":89,"column":4},"end":{"line":92,"column":7}},"49":{"start":{"line":94,"column":4},"end":{"line":94,"column":44}},"50":{"start":{"line":95,"column":4},"end":{"line":95,"column":51}},"51":{"start":{"line":100,"column":23},"end":{"line":132,"column":1}},"52":{"start":{"line":101,"column":21},"end":{"line":101,"column":31}},"53":{"start":{"line":103,"column":2},"end":{"line":131,"column":3}},"54":{"start":{"line":104,"column":25},"end":{"line":106,"column":29}},"55":{"start":{"line":108,"column":4},"end":{"line":110,"column":5}},"56":{"start":{"line":109,"column":6},"end":{"line":109,"column":70}},"57":{"start":{"line":112,"column":18},"end":{"line":112,"column":36}},"58":{"start":{"line":113,"column":20},"end":{"line":113,"column":43}},"59":{"start":{"line":115,"column":19},"end":{"line":126,"column":5}},"60":{"start":{"line":121,"column":40},"end":{"line":125,"column":7}},"61":{"start":{"line":128,"column":4},"end":{"line":128,"column":21}},"62":{"start":{"line":130,"column":4},"end":{"line":130,"column":52}},"63":{"start":{"line":135,"column":27},"end":{"line":177,"column":1}},"64":{"start":{"line":136,"column":21},"end":{"line":136,"column":31}},"65":{"start":{"line":137,"column":29},"end":{"line":137,"column":37}},"66":{"start":{"line":139,"column":2},"end":{"line":176,"column":3}},"67":{"start":{"line":140,"column":25},"end":{"line":140,"column":60}},"68":{"start":{"line":142,"column":4},"end":{"line":144,"column":5}},"69":{"start":{"line":143,"column":6},"end":{"line":143,"column":70}},"70":{"start":{"line":146,"column":4},"end":{"line":150,"column":5}},"71":{"start":{"line":147,"column":6},"end":{"line":149,"column":61}},"72":{"start":{"line":152,"column":4},"end":{"line":154,"column":5}},"73":{"start":{"line":153,"column":6},"end":{"line":153,"column":76}},"74":{"start":{"line":156,"column":4},"end":{"line":158,"column":6}},"75":{"start":{"line":157,"column":18},"end":{"line":157,"column":54}},"76":{"start":{"line":160,"column":4},"end":{"line":160,"column":30}},"77":{"start":{"line":162,"column":25},"end":{"line":162,"column":60}},"78":{"start":{"line":163,"column":4},"end":{"line":168,"column":5}},"79":{"start":{"line":164,"column":6},"end":{"line":166,"column":8}},"80":{"start":{"line":165,"column":23},"end":{"line":165,"column":54}},"81":{"start":{"line":167,"column":6},"end":{"line":167,"column":32}},"82":{"start":{"line":170,"column":4},"end":{"line":173,"column":7}},"83":{"start":{"line":175,"column":4},"end":{"line":175,"column":51}},"84":{"start":{"line":179,"column":0},"end":{"line":186,"column":2}}},"fnMap":{"0":{"name":"(anonymous_0)","decl":{"start":{"line":5,"column":20},"end":{"line":5,"column":21}},"loc":{"start":{"line":5,"column":29},"end":{"line":7,"column":1}},"line":5},"1":{"name":"(anonymous_1)","decl":{"start":{"line":9,"column":14},"end":{"line":9,"column":15}},"loc":{"start":{"line":9,"column":34},"end":{"line":20,"column":1}},"line":9},"2":{"name":"(anonymous_2)","decl":{"start":{"line":22,"column":15},"end":{"line":22,"column":16}},"loc":{"start":{"line":22,"column":41},"end":{"line":43,"column":1}},"line":22},"3":{"name":"(anonymous_3)","decl":{"start":{"line":45,"column":20},"end":{"line":45,"column":21}},"loc":{"start":{"line":45,"column":40},"end":{"line":52,"column":1}},"line":45},"4":{"name":"(anonymous_4)","decl":{"start":{"line":55,"column":25},"end":{"line":55,"column":26}},"loc":{"start":{"line":55,"column":45},"end":{"line":97,"column":1}},"line":55},"5":{"name":"(anonymous_5)","decl":{"start":{"line":100,"column":23},"end":{"line":100,"column":24}},"loc":{"start":{"line":100,"column":43},"end":{"line":132,"column":1}},"line":100},"6":{"name":"(anonymous_6)","decl":{"start":{"line":121,"column":27},"end":{"line":121,"column":28}},"loc":{"start":{"line":121,"column":40},"end":{"line":125,"column":7}},"line":121},"7":{"name":"(anonymous_7)","decl":{"start":{"line":135,"column":27},"end":{"line":135,"column":28}},"loc":{"start":{"line":135,"column":47},"end":{"line":177,"column":1}},"line":135},"8":{"name":"(anonymous_8)","decl":{"start":{"line":157,"column":6},"end":{"line":157,"column":7}},"loc":{"start":{"line":157,"column":18},"end":{"line":157,"column":54}},"line":157},"9":{"name":"(anonymous_9)","decl":{"start":{"line":165,"column":8},"end":{"line":165,"column":9}},"loc":{"start":{"line":165,"column":23},"end":{"line":165,"column":54}},"line":165}},"branchMap":{"0":{"loc":{"start":{"line":29,"column":4},"end":{"line":33,"column":5}},"type":"if","locations":[{"start":{"line":29,"column":4},"end":{"line":33,"column":5}},{"start":{},"end":{}}],"line":29},"1":{"loc":{"start":{"line":61,"column":4},"end":{"line":63,"column":5}},"type":"if","locations":[{"start":{"line":61,"column":4},"end":{"line":63,"column":5}},{"start":{},"end":{}}],"line":61},"2":{"loc":{"start":{"line":66,"column":4},"end":{"line":68,"column":5}},"type":"if","locations":[{"start":{"line":66,"column":4},"end":{"line":68,"column":5}},{"start":{},"end":{}}],"line":66},"3":{"loc":{"start":{"line":70,"column":4},"end":{"line":74,"column":5}},"type":"if","locations":[{"start":{"line":70,"column":4},"end":{"line":74,"column":5}},{"start":{},"end":{}}],"line":70},"4":{"loc":{"start":{"line":76,"column":4},"end":{"line":78,"column":5}},"type":"if","locations":[{"start":{"line":76,"column":4},"end":{"line":78,"column":5}},{"start":{},"end":{}}],"line":76},"5":{"loc":{"start":{"line":108,"column":4},"end":{"line":110,"column":5}},"type":"if","locations":[{"start":{"line":108,"column":4},"end":{"line":110,"column":5}},{"start":{},"end":{}}],"line":108},"6":{"loc":{"start":{"line":142,"column":4},"end":{"line":144,"column":5}},"type":"if","locations":[{"start":{"line":142,"column":4},"end":{"line":144,"column":5}},{"start":{},"end":{}}],"line":142},"7":{"loc":{"start":{"line":146,"column":4},"end":{"line":150,"column":5}},"type":"if","locations":[{"start":{"line":146,"column":4},"end":{"line":150,"column":5}},{"start":{},"end":{}}],"line":146},"8":{"loc":{"start":{"line":152,"column":4},"end":{"line":154,"column":5}},"type":"if","locations":[{"start":{"line":152,"column":4},"end":{"line":154,"column":5}},{"start":{},"end":{}}],"line":152},"9":{"loc":{"start":{"line":163,"column":4},"end":{"line":168,"column":5}},"type":"if","locations":[{"start":{"line":163,"column":4},"end":{"line":168,"column":5}},{"start":{},"end":{}}],"line":163}},"s":{"0":0,"1":0,"2":0,"3":0,"4":0,"5":0,"6":0,"7":0,"8":0,"9":0,"10":0,"11":0,"12":0,"13":0,"14":0,"15":0,"16":0,"17":0,"18":0,"19":0,"20":0,"21":0,"22":0,"23":0,"24":0,"25":0,"26":0,"27":0,"28":0,"29":0,"30":0,"31":0,"32":0,"33":0,"34":0,"35":0,"36":0,"37":0,"38":0,"39":0,"40":0,"41":0,"42":0,"43":0,"44":0,"45":0,"46":0,"47":0,"48":0,"49":0,"50":0,"51":0,"52":0,"53":0,"54":0,"55":0,"56":0,"57":0,"58":0,"59":0,"60":0,"61":0,"62":0,"63":0,"64":0,"65":0,"66":0,"67":0,"68":0,"69":0,"70":0,"71":0,"72":0,"73":0,"74":0,"75":0,"76":0,"77":0,"78":0,"79":0,"80":0,"81":0,"82":0,"83":0,"84":0},"f":{"0":0,"1":0,"2":0,"3":0,"4":0,"5":0,"6":0,"7":0,"8":0,"9":0},"b":{"0":[0,0],"1":[0,0],"2":[0,0],"3":[0,0],"4":[0,0],"5":[0,0],"6":[0,0],"7":[0,0],"8":[0,0],"9":[0,0]}}
}
