TN:
SF:controllers\shoppingListController.js
FN:5,(anonymous_0)
FN:55,(anonymous_1)
FN:75,(anonymous_2)
FN:113,(anonymous_3)
FN:146,(anonymous_4)
FN:181,(anonymous_5)
FN:199,(anonymous_6)
FN:209,(anonymous_7)
FN:240,(anonymous_8)
FN:265,(anonymous_9)
FN:285,(anonymous_10)
FNF:11
FNH:6
FNDA:3,(anonymous_0)
FNDA:2,(anonymous_1)
FNDA:1,(anonymous_2)
FNDA:4,(anonymous_3)
FNDA:0,(anonymous_4)
FNDA:0,(anonymous_5)
FNDA:0,(anonymous_6)
FNDA:0,(anonymous_7)
FNDA:0,(anonymous_8)
FNDA:3,(anonymous_9)
FNDA:1,(anonymous_10)
DA:1,1
DA:2,1
DA:3,1
DA:5,1
DA:6,3
DA:7,3
DA:9,3
DA:11,3
DA:13,3
DA:14,1
DA:20,2
DA:26,2
DA:29,2
DA:30,2
DA:31,1
DA:33,1
DA:34,1
DA:37,1
DA:38,1
DA:39,1
DA:43,1
DA:48,1
DA:50,0
DA:51,0
DA:55,1
DA:56,2
DA:58,2
DA:59,2
DA:64,1
DA:65,1
DA:68,0
DA:70,1
DA:71,1
DA:75,1
DA:76,1
DA:78,1
DA:79,1
DA:97,0
DA:98,0
DA:102,0
DA:107,1
DA:108,1
DA:113,1
DA:114,4
DA:115,4
DA:117,4
DA:118,4
DA:120,4
DA:121,1
DA:124,3
DA:125,1
DA:128,2
DA:129,1
DA:134,1
DA:135,1
DA:138,1
DA:140,1
DA:142,0
DA:146,1
DA:147,0
DA:148,0
DA:150,0
DA:151,0
DA:153,0
DA:154,0
DA:157,0
DA:158,0
DA:163,0
DA:169,0
DA:170,0
DA:172,0
DA:175,0
DA:176,0
DA:181,1
DA:182,0
DA:183,0
DA:185,0
DA:186,0
DA:188,0
DA:189,0
DA:192,0
DA:193,0
DA:198,0
DA:199,0
DA:201,0
DA:203,0
DA:205,0
DA:209,1
DA:210,0
DA:211,0
DA:213,0
DA:214,0
DA:216,0
DA:217,0
DA:220,0
DA:222,0
DA:223,0
DA:228,0
DA:229,0
DA:231,0
DA:236,0
DA:240,1
DA:241,0
DA:243,0
DA:244,0
DA:246,0
DA:247,0
DA:250,0
DA:251,0
DA:256,0
DA:257,0
DA:259,0
DA:261,0
DA:265,1
DA:266,3
DA:268,3
DA:269,3
DA:271,3
DA:272,1
DA:275,2
DA:276,1
DA:281,1
DA:283,1
DA:284,1
DA:285,1
DA:287,1
DA:289,1
DA:294,1
DA:296,0
DA:300,1
LF:130
LH:71
BRDA:6,0,0,0
BRDA:13,1,0,1
BRDA:13,1,1,2
BRDA:30,2,0,1
BRDA:30,2,1,1
BRDA:64,3,0,1
BRDA:64,3,1,0
BRDA:97,4,0,0
BRDA:97,4,1,0
BRDA:120,5,0,1
BRDA:120,5,1,3
BRDA:124,6,0,1
BRDA:124,6,1,2
BRDA:128,7,0,1
BRDA:128,7,1,1
BRDA:128,8,0,2
BRDA:128,8,1,2
BRDA:134,9,0,1
BRDA:134,9,1,0
BRDA:153,10,0,0
BRDA:153,10,1,0
BRDA:157,11,0,0
BRDA:157,11,1,0
BRDA:188,12,0,0
BRDA:188,12,1,0
BRDA:192,13,0,0
BRDA:192,13,1,0
BRDA:216,14,0,0
BRDA:216,14,1,0
BRDA:222,15,0,0
BRDA:222,15,1,0
BRDA:232,16,0,0
BRDA:232,16,1,0
BRDA:246,17,0,0
BRDA:246,17,1,0
BRDA:250,18,0,0
BRDA:250,18,1,0
BRDA:271,19,0,1
BRDA:271,19,1,2
BRDA:275,20,0,1
BRDA:275,20,1,1
BRF:41
BRH:18
end_of_record
TN:
SF:controllers\userController.js
FN:5,(anonymous_0)
FN:9,(anonymous_1)
FN:22,(anonymous_2)
FN:45,(anonymous_3)
FN:55,(anonymous_4)
FN:100,(anonymous_5)
FN:121,(anonymous_6)
FN:135,(anonymous_7)
FN:157,(anonymous_8)
FN:165,(anonymous_9)
FNF:10
FNH:0
FNDA:0,(anonymous_0)
FNDA:0,(anonymous_1)
FNDA:0,(anonymous_2)
FNDA:0,(anonymous_3)
FNDA:0,(anonymous_4)
FNDA:0,(anonymous_5)
FNDA:0,(anonymous_6)
FNDA:0,(anonymous_7)
FNDA:0,(anonymous_8)
FNDA:0,(anonymous_9)
DA:1,0
DA:2,0
DA:3,0
DA:5,0
DA:6,0
DA:9,0
DA:10,0
DA:12,0
DA:13,0
DA:14,0
DA:15,0
DA:16,0
DA:18,0
DA:22,0
DA:23,0
DA:25,0
DA:27,0
DA:29,0
DA:30,0
DA:31,0
DA:32,0
DA:35,0
DA:36,0
DA:38,0
DA:41,0
DA:45,0
DA:46,0
DA:47,0
DA:48,0
DA:50,0
DA:55,0
DA:56,0
DA:57,0
DA:59,0
DA:60,0
DA:61,0
DA:62,0
DA:65,0
DA:66,0
DA:67,0
DA:70,0
DA:71,0
DA:76,0
DA:77,0
DA:81,0
DA:82,0
DA:85,0
DA:86,0
DA:89,0
DA:94,0
DA:95,0
DA:100,0
DA:101,0
DA:103,0
DA:104,0
DA:108,0
DA:109,0
DA:112,0
DA:113,0
DA:115,0
DA:121,0
DA:128,0
DA:130,0
DA:135,0
DA:136,0
DA:137,0
DA:139,0
DA:140,0
DA:142,0
DA:143,0
DA:146,0
DA:147,0
DA:152,0
DA:153,0
DA:156,0
DA:157,0
DA:160,0
DA:162,0
DA:163,0
DA:164,0
DA:165,0
DA:167,0
DA:170,0
DA:175,0
DA:179,0
LF:85
LH:0
BRDA:29,0,0,0
BRDA:29,0,1,0
BRDA:61,1,0,0
BRDA:61,1,1,0
BRDA:66,2,0,0
BRDA:66,2,1,0
BRDA:70,3,0,0
BRDA:70,3,1,0
BRDA:76,4,0,0
BRDA:76,4,1,0
BRDA:108,5,0,0
BRDA:108,5,1,0
BRDA:142,6,0,0
BRDA:142,6,1,0
BRDA:146,7,0,0
BRDA:146,7,1,0
BRDA:152,8,0,0
BRDA:152,8,1,0
BRDA:163,9,0,0
BRDA:163,9,1,0
BRF:20
BRH:0
end_of_record
